<?xml version="1.0" encoding="UTF-8"?>
<testsuite name="Cucumber" time="65.952" tests="8" skipped="0" failures="2" errors="0">
<testcase classname="feature to test google search functionality" name="google search functionality check" time="11.678">
<system-out><![CDATA[
Given user is on search page................................................passed
When user enters searchtext.................................................passed
And clicks on search button.................................................passed
Then user is navigated to the results page..................................passed
]]></system-out>
</testcase>
<testcase classname="feature to test login functionality" name="Check login is successful with valid credentials - | - Example #1.1" time="6.741">
<system-out><![CDATA[
Given user is on login page.................................................passed
When user enters standard_user and secret_sauce.............................passed
And clicks on login button..................................................passed
Then user is navigated to the home page.....................................passed
]]></system-out>
</testcase>
<testcase classname="feature to test login functionality" name="Check login is successful with valid credentials - | - Example #1.2" time="4.785">
<failure type="org.opentest4j.AssertionFailedError" message="expected: &lt;https://www.saucedemo.com/inventory.html&gt; but was: &lt;https://www.saucedemo.com/&gt;">
<![CDATA[org.opentest4j.AssertionFailedError: expected: <https://www.saucedemo.com/inventory.html> but was: <https://www.saucedemo.com/>
	at org.junit.jupiter.api.AssertionFailureBuilder.build(AssertionFailureBuilder.java:151)
	at org.junit.jupiter.api.AssertionFailureBuilder.buildAndThrow(AssertionFailureBuilder.java:132)
	at org.junit.jupiter.api.AssertEquals.failNotEqual(AssertEquals.java:197)
	at org.junit.jupiter.api.AssertEquals.assertEquals(AssertEquals.java:182)
	at org.junit.jupiter.api.AssertEquals.assertEquals(AssertEquals.java:177)
	at org.junit.jupiter.api.Assertions.assertEquals(Assertions.java:1145)
	at com.training.rakuten.LoginTest.user_is_navigated_to_the_home_page(LoginTest.java:43)
	at ✽.user is navigated to the home page(file:///E:/Trainings/2024/1.Rakuten/rakuten/rakuten-testing/src/test/resources/Features/login.feature:7)
]]>
</failure>
<system-out><![CDATA[
Given user is on login page.................................................passed
When user enters locked_out_user and secret_sauce...........................passed
And clicks on login button..................................................passed
Then user is navigated to the home page.....................................failed
]]></system-out>
</testcase>
<testcase classname="feature to test login functionality" name="Check login is successful with valid credentials - | - Example #1.3" time="6.821">
<system-out><![CDATA[
Given user is on login page.................................................passed
When user enters problem_user and secret_sauce..............................passed
And clicks on login button..................................................passed
Then user is navigated to the home page.....................................passed
]]></system-out>
</testcase>
<testcase classname="feature to test login functionality" name="Check login is successful with valid credentials - | - Example #1.4" time="11.415">
<system-out><![CDATA[
Given user is on login page.................................................passed
When user enters performance_glitch_user and secret_sauce...................passed
And clicks on login button..................................................passed
Then user is navigated to the home page.....................................passed
]]></system-out>
</testcase>
<testcase classname="feature to test login functionality" name="Check login is successful with valid credentials - | - Example #1.5" time="7.199">
<system-out><![CDATA[
Given user is on login page.................................................passed
When user enters error_user and secret_sauce................................passed
And clicks on login button..................................................passed
Then user is navigated to the home page.....................................passed
]]></system-out>
</testcase>
<testcase classname="feature to test login functionality" name="Check login is successful with valid credentials - | - Example #1.6" time="10.351">
<system-out><![CDATA[
Given user is on login page.................................................passed
When user enters visual_user and secret_sauce...............................passed
And clicks on login button..................................................passed
Then user is navigated to the home page.....................................passed
]]></system-out>
</testcase>
<testcase classname="feature to test login functionality" name="Check login is successful with valid credentials - | - Example #1.7" time="6.488">
<failure type="org.opentest4j.AssertionFailedError" message="expected: &lt;https://www.saucedemo.com/inventory.html&gt; but was: &lt;https://www.saucedemo.com/&gt;">
<![CDATA[org.opentest4j.AssertionFailedError: expected: <https://www.saucedemo.com/inventory.html> but was: <https://www.saucedemo.com/>
	at org.junit.jupiter.api.AssertionFailureBuilder.build(AssertionFailureBuilder.java:151)
	at org.junit.jupiter.api.AssertionFailureBuilder.buildAndThrow(AssertionFailureBuilder.java:132)
	at org.junit.jupiter.api.AssertEquals.failNotEqual(AssertEquals.java:197)
	at org.junit.jupiter.api.AssertEquals.assertEquals(AssertEquals.java:182)
	at org.junit.jupiter.api.AssertEquals.assertEquals(AssertEquals.java:177)
	at org.junit.jupiter.api.Assertions.assertEquals(Assertions.java:1145)
	at com.training.rakuten.LoginTest.user_is_navigated_to_the_home_page(LoginTest.java:43)
	at ✽.user is navigated to the home page(file:///E:/Trainings/2024/1.Rakuten/rakuten/rakuten-testing/src/test/resources/Features/login.feature:7)
]]>
</failure>
<system-out><![CDATA[
Given user is on login page.................................................passed
When user enters tufail and ahmed...........................................passed
And clicks on login button..................................................passed
Then user is navigated to the home page.....................................failed
]]></system-out>
</testcase>
</testsuite>
